Flow report for Processor16Bits
Wed Oct 14 00:51:57 2020
Quartus Prime Version 18.1.0 Build 625 09/12/2018 SJ Lite Edition


---------------------
; Table of Contents ;
---------------------
  1. Legal Notice
  2. Flow Summary
  3. Flow Settings
  4. Flow Non-Default Global Settings
  5. Flow Elapsed Time
  6. Flow OS Summary
  7. Flow Log
  8. Flow Messages
  9. Flow Suppressed Messages



----------------
; Legal Notice ;
----------------
Copyright (C) 2018  Intel Corporation. All rights reserved.
Your use of Intel Corporation's design tools, logic functions 
and other software and tools, and its AMPP partner logic 
functions, and any output files from any of the foregoing 
(including device programming or simulation files), and any 
associated documentation or information are expressly subject 
to the terms and conditions of the Intel Program License 
Subscription Agreement, the Intel Quartus Prime License Agreement,
the Intel FPGA IP License Agreement, or other applicable license
agreement, including, without limitation, that your use is for
the sole purpose of programming logic devices manufactured by
Intel and sold by Intel or its authorized distributors.  Please
refer to the applicable agreement for further details.



+----------------------------------------------------------------------------------+
; Flow Summary                                                                     ;
+------------------------------------+---------------------------------------------+
; Flow Status                        ; Successful - Wed Oct 14 00:51:57 2020       ;
; Quartus Prime Version              ; 18.1.0 Build 625 09/12/2018 SJ Lite Edition ;
; Revision Name                      ; Processor16Bits                             ;
; Top-level Entity Name              ; cpu                                         ;
; Family                             ; Cyclone IV E                                ;
; Device                             ; EP4CE6E22C8                                 ;
; Timing Models                      ; Final                                       ;
; Total logic elements               ; 673 / 6,272 ( 11 % )                        ;
;     Total combinational functions  ; 624 / 6,272 ( 10 % )                        ;
;     Dedicated logic registers      ; 262 / 6,272 ( 4 % )                         ;
; Total registers                    ; 262                                         ;
; Total pins                         ; 65 / 92 ( 71 % )                            ;
; Total virtual pins                 ; 0                                           ;
; Total memory bits                  ; 1,024 / 276,480 ( < 1 % )                   ;
; Embedded Multiplier 9-bit elements ; 0 / 30 ( 0 % )                              ;
; Total PLLs                         ; 0 / 2 ( 0 % )                               ;
+------------------------------------+---------------------------------------------+


+-----------------------------------------+
; Flow Settings                           ;
+-------------------+---------------------+
; Option            ; Setting             ;
+-------------------+---------------------+
; Start date & time ; 10/14/2020 00:42:31 ;
; Main task         ; Compilation         ;
; Revision Name     ; Processor16Bits     ;
+-------------------+---------------------+


+-------------------------------------------------------------------------------------------------------------------------------+
; Flow Non-Default Global Settings                                                                                              ;
+-------------------------------------+----------------------------------------+-----------------+-------------+----------------+
; Assignment Name                     ; Value                                  ; Default Value   ; Entity Name ; Section Id     ;
+-------------------------------------+----------------------------------------+-----------------+-------------+----------------+
; COMPILER_SIGNATURE_ID               ; 134660533545189.160262895105968        ; --              ; --          ; --             ;
; EDA_OUTPUT_DATA_FORMAT              ; Vhdl                                   ; --              ; --          ; eda_simulation ;
; EDA_SIMULATION_TOOL                 ; ModelSim-Altera (VHDL)                 ; <None>          ; --          ; --             ;
; EDA_TIME_SCALE                      ; 1 ps                                   ; --              ; --          ; eda_simulation ;
; MAX_CORE_JUNCTION_TEMP              ; 85                                     ; --              ; --          ; --             ;
; MIN_CORE_JUNCTION_TEMP              ; 0                                      ; --              ; --          ; --             ;
; NOMINAL_CORE_SUPPLY_VOLTAGE         ; 1.2V                                   ; --              ; --          ; --             ;
; PARTITION_COLOR                     ; -- (Not supported for targeted family) ; --              ; cpu         ; Top            ;
; PARTITION_FITTER_PRESERVATION_LEVEL ; -- (Not supported for targeted family) ; --              ; cpu         ; Top            ;
; PARTITION_NETLIST_TYPE              ; -- (Not supported for targeted family) ; --              ; cpu         ; Top            ;
; POWER_BOARD_THERMAL_MODEL           ; None (CONSERVATIVE)                    ; --              ; --          ; --             ;
; POWER_PRESET_COOLING_SOLUTION       ; 23 MM HEAT SINK WITH 200 LFPM AIRFLOW  ; --              ; --          ; --             ;
; PROJECT_OUTPUT_DIRECTORY            ; output_files                           ; --              ; --          ; --             ;
; TOP_LEVEL_ENTITY                    ; cpu                                    ; Processor16Bits ; --          ; --             ;
; VHDL_INPUT_VERSION                  ; VHDL_2008                              ; VHDL_1993       ; --          ; --             ;
; VHDL_SHOW_LMF_MAPPING_MESSAGES      ; Off                                    ; --              ; --          ; --             ;
+-------------------------------------+----------------------------------------+-----------------+-------------+----------------+


+--------------------------------------------------------------------------------------------------------------------------+
; Flow Elapsed Time                                                                                                        ;
+----------------------+--------------+-------------------------+---------------------+------------------------------------+
; Module Name          ; Elapsed Time ; Average Processors Used ; Peak Virtual Memory ; Total CPU Time (on all processors) ;
+----------------------+--------------+-------------------------+---------------------+------------------------------------+
; Analysis & Synthesis ; 00:00:20     ; 1.0                     ; 4791 MB             ; 00:00:39                           ;
; Fitter               ; 00:01:10     ; 1.0                     ; 5206 MB             ; 00:01:25                           ;
; Assembler            ; 00:00:02     ; 1.0                     ; 4664 MB             ; 00:00:03                           ;
; Timing Analyzer      ; 00:00:06     ; 1.0                     ; 4720 MB             ; 00:00:06                           ;
; EDA Netlist Writer   ; 00:00:04     ; 1.0                     ; 4646 MB             ; 00:00:04                           ;
; EDA Netlist Writer   ; 00:00:01     ; 1.0                     ; 4616 MB             ; 00:00:01                           ;
; EDA Netlist Writer   ; 00:00:01     ; 1.0                     ; 4626 MB             ; 00:00:01                           ;
; Total                ; 00:01:44     ; --                      ; --                  ; 00:02:19                           ;
+----------------------+--------------+-------------------------+---------------------+------------------------------------+


+------------------------------------------------------------------------------------+
; Flow OS Summary                                                                    ;
+----------------------+------------------+------------+------------+----------------+
; Module Name          ; Machine Hostname ; OS Name    ; OS Version ; Processor type ;
+----------------------+------------------+------------+------------+----------------+
; Analysis & Synthesis ; HAL-9000         ; Windows 10 ; 10.0       ; x86_64         ;
; Fitter               ; HAL-9000         ; Windows 10 ; 10.0       ; x86_64         ;
; Assembler            ; HAL-9000         ; Windows 10 ; 10.0       ; x86_64         ;
; Timing Analyzer      ; HAL-9000         ; Windows 10 ; 10.0       ; x86_64         ;
; EDA Netlist Writer   ; HAL-9000         ; Windows 10 ; 10.0       ; x86_64         ;
; EDA Netlist Writer   ; HAL-9000         ; Windows 10 ; 10.0       ; x86_64         ;
; EDA Netlist Writer   ; HAL-9000         ; Windows 10 ; 10.0       ; x86_64         ;
+----------------------+------------------+------------+------------+----------------+


------------
; Flow Log ;
------------
quartus_map --read_settings_files=on --write_settings_files=off Processor16Bits -c Processor16Bits
quartus_fit --read_settings_files=off --write_settings_files=off Processor16Bits -c Processor16Bits
quartus_asm --read_settings_files=off --write_settings_files=off Processor16Bits -c Processor16Bits
quartus_sta Processor16Bits -c Processor16Bits
quartus_eda --read_settings_files=off --write_settings_files=off Processor16Bits -c Processor16Bits
quartus_eda --gen_testbench --tool=modelsim_oem --format=vhdl --write_settings_files=off Processor16Bits -c Processor16Bits --vector_source="C:/Users/pabri/Desktop/Electronica/16Bit computer project/Programacion del proyecto/FPGA Programming/Processor16Bits/Processor-16Bits/CPU/Waveform.vwf" --testbench_file="C:/Users/pabri/Desktop/Electronica/16Bit computer project/Programacion del proyecto/FPGA Programming/Processor16Bits/Processor-16Bits/CPU/simulation/qsim/Waveform.vwf.vht"
quartus_eda --write_settings_files=off --simulation=on --functional=on --flatten_buses=off --tool=modelsim_oem --format=vhdl --output_directory="C:/Users/pabri/Desktop/Electronica/16Bit computer project/Programacion del proyecto/FPGA Programming/Processor16Bits/Processor-16Bits/CPU/simulation/qsim/" Processor16Bits -c Processor16Bits



